This is pdfTeX, Version 3.14159265-2.6-1.40.20 (TeX Live 2019) (preloaded format=pdflatex 2019.5.8)  19 AUG 2020 12:04
entering extended mode
 restricted \write18 enabled.
 file:line:error style messages enabled.
 %&-line parsing enabled.
**PanelE.tex
(./PanelE.tex
LaTeX2e <2018-12-01>
(/usr/local/texlive/2019/texmf-dist/tex/latex/standalone/standalone.cls
Document Class: standalone 2018/03/26 v1.3a Class to compile TeX sub-files stan
dalone
(/usr/local/texlive/2019/texmf-dist/tex/latex/tools/shellesc.sty
Package: shellesc 2016/06/07 v0.02a unified shell escape interface for LaTeX
Package shellesc Info: Restricted shell escape enabled on input line 69.
)
(/usr/local/texlive/2019/texmf-dist/tex/generic/oberdiek/ifluatex.sty
Package: ifluatex 2016/05/16 v1.4 Provides the ifluatex switch (HO)
Package ifluatex Info: LuaTeX not detected.
)
(/usr/local/texlive/2019/texmf-dist/tex/generic/oberdiek/ifpdf.sty
Package: ifpdf 2018/09/07 v3.3 Provides the ifpdf switch
)
(/usr/local/texlive/2019/texmf-dist/tex/generic/ifxetex/ifxetex.sty
Package: ifxetex 2010/09/12 v0.6 Provides ifxetex conditional
)
(/usr/local/texlive/2019/texmf-dist/tex/latex/xkeyval/xkeyval.sty
Package: xkeyval 2014/12/03 v2.7a package option processing (HA)

(/usr/local/texlive/2019/texmf-dist/tex/generic/xkeyval/xkeyval.tex
(/usr/local/texlive/2019/texmf-dist/tex/generic/xkeyval/xkvutils.tex
\XKV@toks=\toks14
\XKV@tempa@toks=\toks15

(/usr/local/texlive/2019/texmf-dist/tex/generic/xkeyval/keyval.tex))
\XKV@depth=\count80
File: xkeyval.tex 2014/12/03 v2.7a key=value parser (HA)
))
\sa@internal=\count81
\c@sapage=\count82

(/usr/local/texlive/2019/texmf-dist/tex/latex/standalone/standalone.cfg
File: standalone.cfg 2018/03/26 v1.3a Default configuration file for 'standalon
e' class
)
(/usr/local/texlive/2019/texmf-dist/tex/latex/base/article.cls
Document Class: article 2018/09/03 v1.4i Standard LaTeX document class
(/usr/local/texlive/2019/texmf-dist/tex/latex/base/size11.clo
File: size11.clo 2018/09/03 v1.4i Standard LaTeX file (size option)
)
\c@part=\count83
\c@section=\count84
\c@subsection=\count85
\c@subsubsection=\count86
\c@paragraph=\count87
\c@subparagraph=\count88
\c@figure=\count89
\c@table=\count90
\abovecaptionskip=\skip41
\belowcaptionskip=\skip42
\bibindent=\dimen102
)
\sa@box=\box27
)
(/usr/local/texlive/2019/texmf-dist/tex/latex/base/inputenc.sty
Package: inputenc 2018/08/11 v1.3c Input encoding file
\inpenc@prehook=\toks16
\inpenc@posthook=\toks17
)
(/usr/local/texlive/2019/texmf-dist/tex/latex/url/url.sty
\Urlmuskip=\muskip10
Package: url 2013/09/16  ver 3.4  Verb mode for urls, etc.
)
(/usr/local/texlive/2019/texmf-dist/tex/latex/graphics/graphicx.sty
Package: graphicx 2017/06/01 v1.1a Enhanced LaTeX Graphics (DPC,SPQR)

(/usr/local/texlive/2019/texmf-dist/tex/latex/graphics/graphics.sty
Package: graphics 2017/06/25 v1.2c Standard LaTeX Graphics (DPC,SPQR)

(/usr/local/texlive/2019/texmf-dist/tex/latex/graphics/trig.sty
Package: trig 2016/01/03 v1.10 sin cos tan (DPC)
)
(/usr/local/texlive/2019/texmf-dist/tex/latex/graphics-cfg/graphics.cfg
File: graphics.cfg 2016/06/04 v1.11 sample graphics configuration
)
Package graphics Info: Driver file: pdftex.def on input line 99.

(/usr/local/texlive/2019/texmf-dist/tex/latex/graphics-def/pdftex.def
File: pdftex.def 2018/01/08 v1.0l Graphics/color driver for pdftex
))
\Gin@req@height=\dimen103
\Gin@req@width=\dimen104
)
(/usr/local/texlive/2019/texmf-dist/tex/latex/xcolor/xcolor.sty
Package: xcolor 2016/05/11 v2.12 LaTeX color extensions (UK)

(/usr/local/texlive/2019/texmf-dist/tex/latex/graphics-cfg/color.cfg
File: color.cfg 2016/01/02 v1.6 sample color configuration
)
Package xcolor Info: Driver file: pdftex.def on input line 225.
Package xcolor Info: Model `cmy' substituted by `cmy0' on input line 1348.
Package xcolor Info: Model `hsb' substituted by `rgb' on input line 1352.
Package xcolor Info: Model `RGB' extended on input line 1364.
Package xcolor Info: Model `HTML' substituted by `rgb' on input line 1366.
Package xcolor Info: Model `Hsb' substituted by `hsb' on input line 1367.
Package xcolor Info: Model `tHsb' substituted by `hsb' on input line 1368.
Package xcolor Info: Model `HSB' substituted by `hsb' on input line 1369.
Package xcolor Info: Model `Gray' substituted by `gray' on input line 1370.
Package xcolor Info: Model `wave' substituted by `hsb' on input line 1371.

(/usr/local/texlive/2019/texmf-dist/tex/latex/graphics/dvipsnam.def
File: dvipsnam.def 2016/06/17 v3.0m Driver-dependent file (DPC,SPQR)
))
(/usr/local/texlive/2019/texmf-dist/tex/latex/amsmath/amsmath.sty
Package: amsmath 2018/12/01 v2.17b AMS math features
\@mathmargin=\skip43

For additional information on amsmath, use the `?' option.
(/usr/local/texlive/2019/texmf-dist/tex/latex/amsmath/amstext.sty
Package: amstext 2000/06/29 v2.01 AMS text

(/usr/local/texlive/2019/texmf-dist/tex/latex/amsmath/amsgen.sty
File: amsgen.sty 1999/11/30 v2.0 generic functions
\@emptytoks=\toks18
\ex@=\dimen105
))
(/usr/local/texlive/2019/texmf-dist/tex/latex/amsmath/amsbsy.sty
Package: amsbsy 1999/11/29 v1.2d Bold Symbols
\pmbraise@=\dimen106
)
(/usr/local/texlive/2019/texmf-dist/tex/latex/amsmath/amsopn.sty
Package: amsopn 2016/03/08 v2.02 operator names
)
\inf@bad=\count91
LaTeX Info: Redefining \frac on input line 223.
\uproot@=\count92
\leftroot@=\count93
LaTeX Info: Redefining \overline on input line 385.
\classnum@=\count94
\DOTSCASE@=\count95
LaTeX Info: Redefining \ldots on input line 482.
LaTeX Info: Redefining \dots on input line 485.
LaTeX Info: Redefining \cdots on input line 606.
\Mathstrutbox@=\box28
\strutbox@=\box29
\big@size=\dimen107
LaTeX Font Info:    Redeclaring font encoding OML on input line 729.
LaTeX Font Info:    Redeclaring font encoding OMS on input line 730.
\macc@depth=\count96
\c@MaxMatrixCols=\count97
\dotsspace@=\muskip11
\c@parentequation=\count98
\dspbrk@lvl=\count99
\tag@help=\toks19
\row@=\count100
\column@=\count101
\maxfields@=\count102
\andhelp@=\toks20
\eqnshift@=\dimen108
\alignsep@=\dimen109
\tagshift@=\dimen110
\tagwidth@=\dimen111
\totwidth@=\dimen112
\lineht@=\dimen113
\@envbody=\toks21
\multlinegap=\skip44
\multlinetaggap=\skip45
\mathdisplay@stack=\toks22
LaTeX Info: Redefining \[ on input line 2844.
LaTeX Info: Redefining \] on input line 2845.
)
(/usr/local/texlive/2019/texmf-dist/tex/latex/amsfonts/amssymb.sty
Package: amssymb 2013/01/14 v3.01 AMS font symbols

(/usr/local/texlive/2019/texmf-dist/tex/latex/amsfonts/amsfonts.sty
Package: amsfonts 2013/01/14 v3.01 Basic AMSFonts support
\symAMSa=\mathgroup4
\symAMSb=\mathgroup5
LaTeX Font Info:    Overwriting math alphabet `\mathfrak' in version `bold'
(Font)                  U/euf/m/n --> U/euf/b/n on input line 106.
))
(/usr/local/texlive/2019/texmf-dist/tex/latex/mathtools/mathtools.sty
Package: mathtools 2018/01/08 v1.21 mathematical typesetting tools

(/usr/local/texlive/2019/texmf-dist/tex/latex/tools/calc.sty
Package: calc 2017/05/25 v4.3 Infix arithmetic (KKT,FJ)
\calc@Acount=\count103
\calc@Bcount=\count104
\calc@Adimen=\dimen114
\calc@Bdimen=\dimen115
\calc@Askip=\skip46
\calc@Bskip=\skip47
LaTeX Info: Redefining \setlength on input line 80.
LaTeX Info: Redefining \addtolength on input line 81.
\calc@Ccount=\count105
\calc@Cskip=\skip48
)
(/usr/local/texlive/2019/texmf-dist/tex/latex/mathtools/mhsetup.sty
Package: mhsetup 2017/03/31 v1.3 programming setup (MH)
)
LaTeX Info: Thecontrolsequence`\('isalreadyrobust on input line 129.
LaTeX Info: Thecontrolsequence`\)'isalreadyrobust on input line 129.
LaTeX Info: Thecontrolsequence`\['isalreadyrobust on input line 129.
LaTeX Info: Thecontrolsequence`\]'isalreadyrobust on input line 129.
\g_MT_multlinerow_int=\count106
\l_MT_multwidth_dim=\dimen116
\origjot=\skip49
\l_MT_shortvdotswithinadjustabove_dim=\dimen117
\l_MT_shortvdotswithinadjustbelow_dim=\dimen118
\l_MT_above_intertext_sep=\dimen119
\l_MT_below_intertext_sep=\dimen120
\l_MT_above_shortintertext_sep=\dimen121
\l_MT_below_shortintertext_sep=\dimen122
)
(/usr/local/texlive/2019/texmf-dist/tex/latex/pgf/frontendlayer/tikz.sty
(/usr/local/texlive/2019/texmf-dist/tex/latex/pgf/basiclayer/pgf.sty
(/usr/local/texlive/2019/texmf-dist/tex/latex/pgf/utilities/pgfrcs.sty
(/usr/local/texlive/2019/texmf-dist/tex/generic/pgf/utilities/pgfutil-common.te
x
\pgfutil@everybye=\toks23
\pgfutil@tempdima=\dimen123
\pgfutil@tempdimb=\dimen124

(/usr/local/texlive/2019/texmf-dist/tex/generic/pgf/utilities/pgfutil-common-li
sts.tex))
(/usr/local/texlive/2019/texmf-dist/tex/generic/pgf/utilities/pgfutil-latex.def
\pgfutil@abb=\box30
(/usr/local/texlive/2019/texmf-dist/tex/latex/ms/everyshi.sty
Package: everyshi 2001/05/15 v3.00 EveryShipout Package (MS)
))
(/usr/local/texlive/2019/texmf-dist/tex/generic/pgf/utilities/pgfrcs.code.tex
(/usr/local/texlive/2019/texmf-dist/tex/generic/pgf/pgf.revision.tex)
Package: pgfrcs 2019/04/04 v3.1.2 (3.1.2)
))
Package: pgf 2019/04/04 v3.1.2 (3.1.2)

(/usr/local/texlive/2019/texmf-dist/tex/latex/pgf/basiclayer/pgfcore.sty
(/usr/local/texlive/2019/texmf-dist/tex/latex/pgf/systemlayer/pgfsys.sty
(/usr/local/texlive/2019/texmf-dist/tex/generic/pgf/systemlayer/pgfsys.code.tex
Package: pgfsys 2019/04/04 v3.1.2 (3.1.2)
(/usr/local/texlive/2019/texmf-dist/tex/generic/pgf/utilities/pgfkeys.code.tex
\pgfkeys@pathtoks=\toks24
\pgfkeys@temptoks=\toks25

(/usr/local/texlive/2019/texmf-dist/tex/generic/pgf/utilities/pgfkeysfiltered.c
ode.tex
\pgfkeys@tmptoks=\toks26
))
\pgf@x=\dimen125
\pgf@y=\dimen126
\pgf@xa=\dimen127
\pgf@ya=\dimen128
\pgf@xb=\dimen129
\pgf@yb=\dimen130
\pgf@xc=\dimen131
\pgf@yc=\dimen132
\w@pgf@writea=\write3
\r@pgf@reada=\read1
\c@pgf@counta=\count107
\c@pgf@countb=\count108
\c@pgf@countc=\count109
\c@pgf@countd=\count110
\t@pgf@toka=\toks27
\t@pgf@tokb=\toks28
\t@pgf@tokc=\toks29
\pgf@sys@id@count=\count111

(/usr/local/texlive/2019/texmf-dist/tex/generic/pgf/systemlayer/pgf.cfg
File: pgf.cfg 2019/04/04 v3.1.2 (3.1.2)
)
Driver file for pgf: pgfsys-pdftex.def

(/usr/local/texlive/2019/texmf-dist/tex/generic/pgf/systemlayer/pgfsys-pdftex.d
ef
File: pgfsys-pdftex.def 2019/04/04 v3.1.2 (3.1.2)

(/usr/local/texlive/2019/texmf-dist/tex/generic/pgf/systemlayer/pgfsys-common-p
df.def
File: pgfsys-common-pdf.def 2019/04/04 v3.1.2 (3.1.2)
)))
(/usr/local/texlive/2019/texmf-dist/tex/generic/pgf/systemlayer/pgfsyssoftpath.
code.tex
File: pgfsyssoftpath.code.tex 2019/04/04 v3.1.2 (3.1.2)
\pgfsyssoftpath@smallbuffer@items=\count112
\pgfsyssoftpath@bigbuffer@items=\count113
)
(/usr/local/texlive/2019/texmf-dist/tex/generic/pgf/systemlayer/pgfsysprotocol.
code.tex
File: pgfsysprotocol.code.tex 2019/04/04 v3.1.2 (3.1.2)
))
(/usr/local/texlive/2019/texmf-dist/tex/generic/pgf/basiclayer/pgfcore.code.tex
Package: pgfcore 2019/04/04 v3.1.2 (3.1.2)
(/usr/local/texlive/2019/texmf-dist/tex/generic/pgf/math/pgfmath.code.tex
(/usr/local/texlive/2019/texmf-dist/tex/generic/pgf/math/pgfmathcalc.code.tex
(/usr/local/texlive/2019/texmf-dist/tex/generic/pgf/math/pgfmathutil.code.tex)
(/usr/local/texlive/2019/texmf-dist/tex/generic/pgf/math/pgfmathparser.code.tex
\pgfmath@dimen=\dimen133
\pgfmath@count=\count114
\pgfmath@box=\box31
\pgfmath@toks=\toks30
\pgfmath@stack@operand=\toks31
\pgfmath@stack@operation=\toks32
)
(/usr/local/texlive/2019/texmf-dist/tex/generic/pgf/math/pgfmathfunctions.code.
tex
(/usr/local/texlive/2019/texmf-dist/tex/generic/pgf/math/pgfmathfunctions.basic
.code.tex)
(/usr/local/texlive/2019/texmf-dist/tex/generic/pgf/math/pgfmathfunctions.trigo
nometric.code.tex)
(/usr/local/texlive/2019/texmf-dist/tex/generic/pgf/math/pgfmathfunctions.rando
m.code.tex)
(/usr/local/texlive/2019/texmf-dist/tex/generic/pgf/math/pgfmathfunctions.compa
rison.code.tex)
(/usr/local/texlive/2019/texmf-dist/tex/generic/pgf/math/pgfmathfunctions.base.
code.tex)
(/usr/local/texlive/2019/texmf-dist/tex/generic/pgf/math/pgfmathfunctions.round
.code.tex)
(/usr/local/texlive/2019/texmf-dist/tex/generic/pgf/math/pgfmathfunctions.misc.
code.tex)
(/usr/local/texlive/2019/texmf-dist/tex/generic/pgf/math/pgfmathfunctions.integ
erarithmetics.code.tex)))
(/usr/local/texlive/2019/texmf-dist/tex/generic/pgf/math/pgfmathfloat.code.tex
\c@pgfmathroundto@lastzeros=\count115
))
(/usr/local/texlive/2019/texmf-dist/tex/generic/pgf/basiclayer/pgfcorepoints.co
de.tex
File: pgfcorepoints.code.tex 2019/04/04 v3.1.2 (3.1.2)
\pgf@picminx=\dimen134
\pgf@picmaxx=\dimen135
\pgf@picminy=\dimen136
\pgf@picmaxy=\dimen137
\pgf@pathminx=\dimen138
\pgf@pathmaxx=\dimen139
\pgf@pathminy=\dimen140
\pgf@pathmaxy=\dimen141
\pgf@xx=\dimen142
\pgf@xy=\dimen143
\pgf@yx=\dimen144
\pgf@yy=\dimen145
\pgf@zx=\dimen146
\pgf@zy=\dimen147
)
(/usr/local/texlive/2019/texmf-dist/tex/generic/pgf/basiclayer/pgfcorepathconst
ruct.code.tex
File: pgfcorepathconstruct.code.tex 2019/04/04 v3.1.2 (3.1.2)
\pgf@path@lastx=\dimen148
\pgf@path@lasty=\dimen149
)
(/usr/local/texlive/2019/texmf-dist/tex/generic/pgf/basiclayer/pgfcorepathusage
.code.tex
File: pgfcorepathusage.code.tex 2019/04/04 v3.1.2 (3.1.2)
\pgf@shorten@end@additional=\dimen150
\pgf@shorten@start@additional=\dimen151
)
(/usr/local/texlive/2019/texmf-dist/tex/generic/pgf/basiclayer/pgfcorescopes.co
de.tex
File: pgfcorescopes.code.tex 2019/04/04 v3.1.2 (3.1.2)
\pgfpic=\box32
\pgf@hbox=\box33
\pgf@layerbox@main=\box34
\pgf@picture@serial@count=\count116
)
(/usr/local/texlive/2019/texmf-dist/tex/generic/pgf/basiclayer/pgfcoregraphicst
ate.code.tex
File: pgfcoregraphicstate.code.tex 2019/04/04 v3.1.2 (3.1.2)
\pgflinewidth=\dimen152
)
(/usr/local/texlive/2019/texmf-dist/tex/generic/pgf/basiclayer/pgfcoretransform
ations.code.tex
File: pgfcoretransformations.code.tex 2019/04/04 v3.1.2 (3.1.2)
\pgf@pt@x=\dimen153
\pgf@pt@y=\dimen154
\pgf@pt@temp=\dimen155
)
(/usr/local/texlive/2019/texmf-dist/tex/generic/pgf/basiclayer/pgfcorequick.cod
e.tex
File: pgfcorequick.code.tex 2019/04/04 v3.1.2 (3.1.2)
)
(/usr/local/texlive/2019/texmf-dist/tex/generic/pgf/basiclayer/pgfcoreobjects.c
ode.tex
File: pgfcoreobjects.code.tex 2019/04/04 v3.1.2 (3.1.2)
)
(/usr/local/texlive/2019/texmf-dist/tex/generic/pgf/basiclayer/pgfcorepathproce
ssing.code.tex
File: pgfcorepathprocessing.code.tex 2019/04/04 v3.1.2 (3.1.2)
)
(/usr/local/texlive/2019/texmf-dist/tex/generic/pgf/basiclayer/pgfcorearrows.co
de.tex
File: pgfcorearrows.code.tex 2019/04/04 v3.1.2 (3.1.2)
\pgfarrowsep=\dimen156
)
(/usr/local/texlive/2019/texmf-dist/tex/generic/pgf/basiclayer/pgfcoreshade.cod
e.tex
File: pgfcoreshade.code.tex 2019/04/04 v3.1.2 (3.1.2)
\pgf@max=\dimen157
\pgf@sys@shading@range@num=\count117
\pgf@shadingcount=\count118
)
(/usr/local/texlive/2019/texmf-dist/tex/generic/pgf/basiclayer/pgfcoreimage.cod
e.tex
File: pgfcoreimage.code.tex 2019/04/04 v3.1.2 (3.1.2)

(/usr/local/texlive/2019/texmf-dist/tex/generic/pgf/basiclayer/pgfcoreexternal.
code.tex
File: pgfcoreexternal.code.tex 2019/04/04 v3.1.2 (3.1.2)
\pgfexternal@startupbox=\box35
))
(/usr/local/texlive/2019/texmf-dist/tex/generic/pgf/basiclayer/pgfcorelayers.co
de.tex
File: pgfcorelayers.code.tex 2019/04/04 v3.1.2 (3.1.2)
)
(/usr/local/texlive/2019/texmf-dist/tex/generic/pgf/basiclayer/pgfcoretranspare
ncy.code.tex
File: pgfcoretransparency.code.tex 2019/04/04 v3.1.2 (3.1.2)
)
(/usr/local/texlive/2019/texmf-dist/tex/generic/pgf/basiclayer/pgfcorepatterns.
code.tex
File: pgfcorepatterns.code.tex 2019/04/04 v3.1.2 (3.1.2)
)
(/usr/local/texlive/2019/texmf-dist/tex/generic/pgf/basiclayer/pgfcorerdf.code.
tex
File: pgfcorerdf.code.tex 2019/04/04 v3.1.2 (3.1.2)
)))
(/usr/local/texlive/2019/texmf-dist/tex/generic/pgf/modules/pgfmoduleshapes.cod
e.tex
File: pgfmoduleshapes.code.tex 2019/04/04 v3.1.2 (3.1.2)
\pgfnodeparttextbox=\box36
)
(/usr/local/texlive/2019/texmf-dist/tex/generic/pgf/modules/pgfmoduleplot.code.
tex
File: pgfmoduleplot.code.tex 2019/04/04 v3.1.2 (3.1.2)
)
(/usr/local/texlive/2019/texmf-dist/tex/latex/pgf/compatibility/pgfcomp-version
-0-65.sty
Package: pgfcomp-version-0-65 2019/04/04 v3.1.2 (3.1.2)
\pgf@nodesepstart=\dimen158
\pgf@nodesepend=\dimen159
)
(/usr/local/texlive/2019/texmf-dist/tex/latex/pgf/compatibility/pgfcomp-version
-1-18.sty
Package: pgfcomp-version-1-18 2019/04/04 v3.1.2 (3.1.2)
))
(/usr/local/texlive/2019/texmf-dist/tex/latex/pgf/utilities/pgffor.sty
(/usr/local/texlive/2019/texmf-dist/tex/latex/pgf/utilities/pgfkeys.sty
(/usr/local/texlive/2019/texmf-dist/tex/generic/pgf/utilities/pgfkeys.code.tex)
) (/usr/local/texlive/2019/texmf-dist/tex/latex/pgf/math/pgfmath.sty
(/usr/local/texlive/2019/texmf-dist/tex/generic/pgf/math/pgfmath.code.tex))
(/usr/local/texlive/2019/texmf-dist/tex/generic/pgf/utilities/pgffor.code.tex
Package: pgffor 2019/04/04 v3.1.2 (3.1.2)

(/usr/local/texlive/2019/texmf-dist/tex/generic/pgf/math/pgfmath.code.tex)
\pgffor@iter=\dimen160
\pgffor@skip=\dimen161
\pgffor@stack=\toks33
\pgffor@toks=\toks34
))
(/usr/local/texlive/2019/texmf-dist/tex/generic/pgf/frontendlayer/tikz/tikz.cod
e.tex
Package: tikz 2019/04/04 v3.1.2 (3.1.2)

(/usr/local/texlive/2019/texmf-dist/tex/generic/pgf/libraries/pgflibraryplothan
dlers.code.tex
File: pgflibraryplothandlers.code.tex 2019/04/04 v3.1.2 (3.1.2)
\pgf@plot@mark@count=\count119
\pgfplotmarksize=\dimen162
)
\tikz@lastx=\dimen163
\tikz@lasty=\dimen164
\tikz@lastxsaved=\dimen165
\tikz@lastysaved=\dimen166
\tikzleveldistance=\dimen167
\tikzsiblingdistance=\dimen168
\tikz@figbox=\box37
\tikz@figbox@bg=\box38
\tikz@tempbox=\box39
\tikz@tempbox@bg=\box40
\tikztreelevel=\count120
\tikznumberofchildren=\count121
\tikznumberofcurrentchild=\count122
\tikz@fig@count=\count123

(/usr/local/texlive/2019/texmf-dist/tex/generic/pgf/modules/pgfmodulematrix.cod
e.tex
File: pgfmodulematrix.code.tex 2019/04/04 v3.1.2 (3.1.2)
\pgfmatrixcurrentrow=\count124
\pgfmatrixcurrentcolumn=\count125
\pgf@matrix@numberofcolumns=\count126
)
\tikz@expandcount=\count127

(/usr/local/texlive/2019/texmf-dist/tex/generic/pgf/frontendlayer/tikz/librarie
s/tikzlibrarytopaths.code.tex
File: tikzlibrarytopaths.code.tex 2019/04/04 v3.1.2 (3.1.2)
)))
(/usr/local/texlive/2019/texmf-dist/tex/latex/pgfplots/pgfplots.sty
(/usr/local/texlive/2019/texmf-dist/tex/generic/pgfplots/pgfplots.revision.tex)
Package: pgfplots 2018/03/28 v1.16 Data Visualization (1.16)
(/usr/local/texlive/2019/texmf-dist/tex/generic/pgfplots/pgfplots.code.tex
(/usr/local/texlive/2019/texmf-dist/tex/generic/pgfplots/pgfplotscore.code.tex
\t@pgfplots@toka=\toks35
\t@pgfplots@tokb=\toks36
\t@pgfplots@tokc=\toks37
\pgfplots@tmpa=\dimen169
\c@pgfplots@coordindex=\count128
\c@pgfplots@scanlineindex=\count129

(/usr/local/texlive/2019/texmf-dist/tex/generic/pgfplots/sys/pgfplotssysgeneric
.code.tex))
(/usr/local/texlive/2019/texmf-dist/tex/generic/pgfplots/libs/pgfplotslibrary.c
ode.tex)
(/usr/local/texlive/2019/texmf-dist/tex/generic/pgfplots/oldpgfcompatib/pgfplot
soldpgfsupp_loader.code.tex
(/usr/local/texlive/2019/texmf-dist/tex/generic/pgf/libraries/pgflibraryfpu.cod
e.tex)
Package pgfplots: loading complementary arithmetics for your pgf version...

(/usr/local/texlive/2019/texmf-dist/tex/generic/pgfplots/oldpgfcompatib/pgfplot
soldpgfsupp_pgflibraryfpu.code.tex)
(/usr/local/texlive/2019/texmf-dist/tex/generic/pgfplots/oldpgfcompatib/pgfplot
soldpgfsupp_pgfmathfloat.code.tex
\c@pgfmathroundto@lastzeros=\count130
))
(/usr/local/texlive/2019/texmf-dist/tex/generic/pgfplots/util/pgfplotsutil.code
.tex
(/usr/local/texlive/2019/texmf-dist/tex/generic/pgfplots/liststructure/pgfplots
liststructure.code.tex)
(/usr/local/texlive/2019/texmf-dist/tex/generic/pgfplots/liststructure/pgfplots
liststructureext.code.tex)
(/usr/local/texlive/2019/texmf-dist/tex/generic/pgfplots/liststructure/pgfplots
array.code.tex
\c@pgfplotsarray@tmp=\count131
)
(/usr/local/texlive/2019/texmf-dist/tex/generic/pgfplots/liststructure/pgfplots
matrix.code.tex)
(/usr/local/texlive/2019/texmf-dist/tex/generic/pgfplots/numtable/pgfplotstable
shared.code.tex
\c@pgfplotstable@counta=\count132
\t@pgfplotstable@a=\toks38
)
(/usr/local/texlive/2019/texmf-dist/tex/generic/pgfplots/liststructure/pgfplots
deque.code.tex)
(/usr/local/texlive/2019/texmf-dist/tex/generic/pgfplots/util/pgfplotsbinary.co
de.tex
(/usr/local/texlive/2019/texmf-dist/tex/generic/pgfplots/util/pgfplotsbinary.da
ta.code.tex))
(/usr/local/texlive/2019/texmf-dist/tex/generic/pgfplots/util/pgfplotsutil.verb
.code.tex)
(/usr/local/texlive/2019/texmf-dist/tex/generic/pgfplots/libs/pgflibrarypgfplot
s.surfshading.code.tex
\c@pgfplotslibrarysurf@no=\count133

(/usr/local/texlive/2019/texmf-dist/tex/generic/pgfplots/sys/pgflibrarypgfplots
.surfshading.pgfsys-pdftex.def)))
(/usr/local/texlive/2019/texmf-dist/tex/generic/pgfplots/util/pgfplotscolormap.
code.tex
(/usr/local/texlive/2019/texmf-dist/tex/generic/pgfplots/util/pgfplotscolor.cod
e.tex))
(/usr/local/texlive/2019/texmf-dist/tex/generic/pgfplots/pgfplotsstackedplots.c
ode.tex)
(/usr/local/texlive/2019/texmf-dist/tex/generic/pgfplots/pgfplotsplothandlers.c
ode.tex
(/usr/local/texlive/2019/texmf-dist/tex/generic/pgfplots/pgfplotsmeshplothandle
r.code.tex
(/usr/local/texlive/2019/texmf-dist/tex/generic/pgfplots/pgfplotsmeshplotimage.
code.tex)))
(/usr/local/texlive/2019/texmf-dist/tex/generic/pgfplots/pgfplots.scaling.code.
tex)
(/usr/local/texlive/2019/texmf-dist/tex/generic/pgfplots/pgfplotscoordprocessin
g.code.tex)
(/usr/local/texlive/2019/texmf-dist/tex/generic/pgfplots/pgfplots.errorbars.cod
e.tex)
(/usr/local/texlive/2019/texmf-dist/tex/generic/pgfplots/pgfplots.markers.code.
tex)
(/usr/local/texlive/2019/texmf-dist/tex/generic/pgfplots/pgfplotsticks.code.tex
)
(/usr/local/texlive/2019/texmf-dist/tex/generic/pgfplots/pgfplots.paths.code.te
x)
(/usr/local/texlive/2019/texmf-dist/tex/generic/pgf/frontendlayer/tikz/librarie
s/tikzlibrarydecorations.code.tex
(/usr/local/texlive/2019/texmf-dist/tex/generic/pgf/modules/pgfmoduledecoration
s.code.tex
\pgfdecoratedcompleteddistance=\dimen170
\pgfdecoratedremainingdistance=\dimen171
\pgfdecoratedinputsegmentcompleteddistance=\dimen172
\pgfdecoratedinputsegmentremainingdistance=\dimen173
\pgf@decorate@distancetomove=\dimen174
\pgf@decorate@repeatstate=\count134
\pgfdecorationsegmentamplitude=\dimen175
\pgfdecorationsegmentlength=\dimen176
)
\tikz@lib@dec@box=\box41
)
(/usr/local/texlive/2019/texmf-dist/tex/generic/pgf/frontendlayer/tikz/librarie
s/tikzlibrarydecorations.pathmorphing.code.tex
(/usr/local/texlive/2019/texmf-dist/tex/generic/pgf/libraries/decorations/pgfli
brarydecorations.pathmorphing.code.tex))
(/usr/local/texlive/2019/texmf-dist/tex/generic/pgf/frontendlayer/tikz/librarie
s/tikzlibrarydecorations.pathreplacing.code.tex
(/usr/local/texlive/2019/texmf-dist/tex/generic/pgf/libraries/decorations/pgfli
brarydecorations.pathreplacing.code.tex))
\pgfplots@numplots=\count135
\pgfplots@xmin@reg=\dimen177
\pgfplots@xmax@reg=\dimen178
\pgfplots@ymin@reg=\dimen179
\pgfplots@ymax@reg=\dimen180
\pgfplots@zmin@reg=\dimen181
\pgfplots@zmax@reg=\dimen182
)
(/usr/local/texlive/2019/texmf-dist/tex/generic/pgf/frontendlayer/tikz/librarie
s/tikzlibraryplotmarks.code.tex
File: tikzlibraryplotmarks.code.tex 2019/04/04 v3.1.2 (3.1.2)

(/usr/local/texlive/2019/texmf-dist/tex/generic/pgf/libraries/pgflibraryplotmar
ks.code.tex
File: pgflibraryplotmarks.code.tex 2019/04/04 v3.1.2 (3.1.2)
)))
(/usr/local/texlive/2019/texmf-dist/tex/generic/pgf/frontendlayer/tikz/librarie
s/tikzlibraryautomata.code.tex
File: tikzlibraryautomata.code.tex 2019/04/04 v3.1.2 (3.1.2)

(/usr/local/texlive/2019/texmf-dist/tex/generic/pgf/frontendlayer/tikz/librarie
s/tikzlibraryshapes.multipart.code.tex
File: tikzlibraryshapes.multipart.code.tex 2019/04/04 v3.1.2 (3.1.2)

(/usr/local/texlive/2019/texmf-dist/tex/generic/pgf/libraries/shapes/pgflibrary
shapes.multipart.code.tex
File: pgflibraryshapes.multipart.code.tex 2019/04/04 v3.1.2 (3.1.2)
\pgfnodepartlowerbox=\box42
\pgfnodeparttwobox=\box43
\pgfnodepartthreebox=\box44
\pgfnodepartfourbox=\box45
\pgfnodeparttwentybox=\box46
\pgfnodepartnineteenbox=\box47
\pgfnodeparteighteenbox=\box48
\pgfnodepartseventeenbox=\box49
\pgfnodepartsixteenbox=\box50
\pgfnodepartfifteenbox=\box51
\pgfnodepartfourteenbox=\box52
\pgfnodepartthirteenbox=\box53
\pgfnodeparttwelvebox=\box54
\pgfnodepartelevenbox=\box55
\pgfnodeparttenbox=\box56
\pgfnodepartninebox=\box57
\pgfnodeparteightbox=\box58
\pgfnodepartsevenbox=\box59
\pgfnodepartsixbox=\box60
\pgfnodepartfivebox=\box61
)))
(/usr/local/texlive/2019/texmf-dist/tex/generic/pgf/frontendlayer/tikz/librarie
s/tikzlibraryarrows.code.tex
File: tikzlibraryarrows.code.tex 2019/04/04 v3.1.2 (3.1.2)

(/usr/local/texlive/2019/texmf-dist/tex/generic/pgf/libraries/pgflibraryarrows.
code.tex
File: pgflibraryarrows.code.tex 2019/04/04 v3.1.2 (3.1.2)
\arrowsize=\dimen183
))
(/usr/local/texlive/2019/texmf-dist/tex/generic/pgf/frontendlayer/tikz/librarie
s/tikzlibrarypositioning.code.tex
File: tikzlibrarypositioning.code.tex 2019/04/04 v3.1.2 (3.1.2)
)
(/usr/local/texlive/2019/texmf-dist/tex/generic/pgf/frontendlayer/tikz/librarie
s/tikzlibrarycalc.code.tex
File: tikzlibrarycalc.code.tex 2019/04/04 v3.1.2 (3.1.2)
) (./PanelE.aux)
\openout1 = `PanelE.aux'.

LaTeX Font Info:    Checking defaults for OML/cmm/m/it on input line 34.
LaTeX Font Info:    ... okay on input line 34.
LaTeX Font Info:    Checking defaults for T1/cmr/m/n on input line 34.
LaTeX Font Info:    ... okay on input line 34.
LaTeX Font Info:    Checking defaults for OT1/cmr/m/n on input line 34.
LaTeX Font Info:    ... okay on input line 34.
LaTeX Font Info:    Checking defaults for OMS/cmsy/m/n on input line 34.
LaTeX Font Info:    ... okay on input line 34.
LaTeX Font Info:    Checking defaults for OMX/cmex/m/n on input line 34.
LaTeX Font Info:    ... okay on input line 34.
LaTeX Font Info:    Checking defaults for U/cmr/m/n on input line 34.
LaTeX Font Info:    ... okay on input line 34.

(/usr/local/texlive/2019/texmf-dist/tex/context/base/mkii/supp-pdf.mkii
[Loading MPS to PDF converter (version 2006.09.02).]
\scratchcounter=\count136
\scratchdimen=\dimen184
\scratchbox=\box62
\nofMPsegments=\count137
\nofMParguments=\count138
\everyMPshowfont=\toks39
\MPscratchCnt=\count139
\MPscratchDim=\dimen185
\MPnumerator=\count140
\makeMPintoPDFobject=\count141
\everyMPtoPDFconversion=\toks40
) (/usr/local/texlive/2019/texmf-dist/tex/latex/oberdiek/epstopdf-base.sty
Package: epstopdf-base 2016/05/15 v2.6 Base part for package epstopdf

(/usr/local/texlive/2019/texmf-dist/tex/generic/oberdiek/infwarerr.sty
Package: infwarerr 2016/05/16 v1.4 Providing info/warning/error messages (HO)
)
(/usr/local/texlive/2019/texmf-dist/tex/latex/oberdiek/grfext.sty
Package: grfext 2016/05/16 v1.2 Manage graphics extensions (HO)

(/usr/local/texlive/2019/texmf-dist/tex/generic/oberdiek/kvdefinekeys.sty
Package: kvdefinekeys 2016/05/16 v1.4 Define keys (HO)

(/usr/local/texlive/2019/texmf-dist/tex/generic/oberdiek/ltxcmds.sty
Package: ltxcmds 2016/05/16 v1.23 LaTeX kernel commands for general use (HO)
)))
(/usr/local/texlive/2019/texmf-dist/tex/latex/oberdiek/kvoptions.sty
Package: kvoptions 2016/05/16 v3.12 Key value format for package options (HO)

(/usr/local/texlive/2019/texmf-dist/tex/generic/oberdiek/kvsetkeys.sty
Package: kvsetkeys 2016/05/16 v1.17 Key value parser (HO)

(/usr/local/texlive/2019/texmf-dist/tex/generic/oberdiek/etexcmds.sty
Package: etexcmds 2016/05/16 v1.6 Avoid name clashes with e-TeX commands (HO)
)))
(/usr/local/texlive/2019/texmf-dist/tex/generic/oberdiek/pdftexcmds.sty
Package: pdftexcmds 2018/09/10 v0.29 Utility functions of pdfTeX for LuaTeX (HO
)
Package pdftexcmds Info: LuaTeX not detected.
Package pdftexcmds Info: \pdf@primitive is available.
Package pdftexcmds Info: \pdf@ifprimitive is available.
Package pdftexcmds Info: \pdfdraftmode found.
)
Package epstopdf-base Info: Redefining graphics rule for `.eps' on input line 4
38.
Package grfext Info: Graphics extension search list:
(grfext)             [.pdf,.png,.jpg,.mps,.jpeg,.jbig2,.jb2,.PDF,.PNG,.JPG,.JPE
G,.JBIG2,.JB2,.eps]
(grfext)             \AppendGraphicsExtensions on input line 456.

(/usr/local/texlive/2019/texmf-dist/tex/latex/latexconfig/epstopdf-sys.cfg
File: epstopdf-sys.cfg 2010/07/13 v1.3 Configuration of (r)epstopdf for TeX Liv
e
))
ABD: EveryShipout initializing macros

Package pgfplots Warning: running in backwards compatibility mode (unsuitable t
ick labels; missing features). Consider writing \pgfplotsset{compat=1.16} into 
your preamble.
 on input line 34.

PGFPlots: reading {../data/data_E1.dat}
Missing character: There is no ; in font nullfont!
LaTeX Font Info:    Try loading font information for U+msa on input line 63.
(/usr/local/texlive/2019/texmf-dist/tex/latex/amsfonts/umsa.fd
File: umsa.fd 2013/01/14 v3.01 AMS symbols A
)
LaTeX Font Info:    Try loading font information for U+msb on input line 63.

(/usr/local/texlive/2019/texmf-dist/tex/latex/amsfonts/umsb.fd
File: umsb.fd 2013/01/14 v3.01 AMS symbols B
)
PGFPlots: reading {../data/data_E2.dat}
PGFPlots: reading {../data/data_E2.dat}
PGFPlots: reading {../data/data_E2.dat}
PGFPlots: reading {../data/data_E2.dat}
 [1

{/usr/local/texlive/2019/texmf-var/fonts/map/pdftex/updmap/pdftex.map}] (./Pane
lE.aux) ) 
Here is how much of TeX's memory you used:
 25031 strings out of 492616
 650265 string characters out of 6129482
 1678272 words of memory out of 5000000
 28509 multiletter control sequences out of 15000+600000
 8288 words of font info for 32 fonts, out of 8000000 for 9000
 1141 hyphenation exceptions out of 8191
 62i,18n,100p,752b,2126s stack positions out of 5000i,500n,10000p,200000b,80000s
</usr/local/texlive/2019/texmf-dist/fonts/type1/public/amsfonts/cm/cmm
i10.pfb></usr/local/texlive/2019/texmf-dist/fonts/type1/public/amsfonts/cm/cmr1
0.pfb>
Output written on PanelE.pdf (1 page, 123201 bytes).
PDF statistics:
 19 PDF objects out of 1000 (max. 8388607)
 13 compressed objects within 1 object stream
 0 named destinations out of 1000 (max. 500000)
 13 words of extra memory for PDF output out of 10000 (max. 10000000)

